


          SolidWorks Corporation - STEP Processor Error Log
          ______________________________________________________

                       STEP Post Processor
                       ___________________


STEP File Name: C:\Users\loreb\Downloads\34E112 - Projeto Mauá\34E112 - Projeto Mauá.STEP


As superfícies foram processadas com êxito em um corpo sólido.
STEP- importação concluída.As superfícies foram processadas com êxito em um corpo sólido.
STEP- importação concluída.As superfícies foram processadas com êxito em um corpo sólido.
STEP- importação concluída.As superfícies foram processadas com êxito em um corpo sólido.
STEP- importação concluída.As superfícies foram processadas com êxito em um corpo sólido.
STEP- importação concluída.As superfícies foram processadas com êxito em um corpo sólido.
STEP- importação concluída.As superfícies foram processadas com êxito em um corpo sólido.
STEP- importação concluída.As superfícies foram processadas com êxito em um corpo sólido.
STEP- importação concluída.As superfícies foram processadas com êxito em um corpo sólido.
STEP- importação concluída.As superfícies foram processadas com êxito em um corpo sólido.
STEP- importação concluída.As superfícies foram processadas com êxito em um corpo sólido.
STEP- importação concluída.As superfícies foram processadas com êxito em um corpo sólido.
STEP- importação concluída.As superfícies foram processadas com êxito em um corpo sólido.
STEP- importação concluída.As superfícies foram processadas com êxito em um corpo sólido.
STEP- importação concluída.As superfícies foram processadas com êxito em um corpo sólido.
STEP- importação concluída.As superfícies foram processadas com êxito em um corpo sólido.
STEP- importação concluída.As superfícies foram processadas com êxito em um corpo sólido.
STEP- importação concluída.As superfícies foram processadas com êxito em um corpo sólido.
STEP- importação concluída.As superfícies foram processadas com êxito em um corpo sólido.
STEP- importação concluída.As superfícies foram processadas com êxito em um corpo sólido.
STEP- importação concluída.As superfícies foram processadas com êxito em um corpo sólido.
STEP- importação concluída.As superfícies foram processadas com êxito em um corpo sólido.
STEP- importação concluída.As superfícies foram processadas com êxito em um corpo sólido.
STEP- importação concluída.As superfícies foram processadas com êxito em um corpo sólido.
STEP- importação concluída.As superfícies foram processadas com êxito em um corpo sólido.
STEP- importação concluída.As superfícies foram processadas com êxito em um corpo sólido.
STEP- importação concluída.As superfícies foram processadas com êxito em um corpo sólido.
STEP- importação concluída.As superfícies foram processadas com êxito em um corpo sólido.
STEP- importação concluída.As superfícies foram processadas com êxito em um corpo sólido.
STEP- importação concluída.As superfícies foram processadas com êxito em um corpo sólido.
STEP- importação concluída.As superfícies foram processadas com êxito em um corpo sólido.
STEP- importação concluída.As superfícies foram processadas com êxito em um corpo sólido.
STEP- importação concluída.As superfícies foram processadas com êxito em um corpo sólido.
STEP- importação concluída.As superfícies foram processadas com êxito em um corpo sólido.
STEP- importação concluída.As superfícies foram processadas com êxito em um corpo sólido.
STEP- importação concluída.As superfícies foram processadas com êxito em um corpo sólido.
STEP- importação concluída.As superfícies foram processadas com êxito em um corpo sólido.
STEP- importação concluída.As superfícies foram processadas com êxito em um corpo sólido.
STEP- importação concluída.As superfícies foram processadas com êxito em um corpo sólido.
STEP- importação concluída.As superfícies foram processadas com êxito em um corpo sólido.
STEP- importação concluída.As superfícies foram processadas com êxito em um corpo sólido.
STEP- importação concluída.As superfícies foram processadas com êxito em um corpo sólido.
STEP- importação concluída.As superfícies foram processadas com êxito em um corpo sólido.
STEP- importação concluída.As superfícies foram processadas com êxito em um corpo sólido.
STEP- importação concluída.As superfícies foram processadas com êxito em um corpo sólido.
STEP- importação concluída.As superfícies foram processadas com êxito em um corpo sólido.
STEP- importação concluída.As superfícies foram processadas com êxito em um corpo sólido.
STEP- importação concluída.As superfícies foram processadas com êxito em um corpo sólido.
STEP- importação concluída.As superfícies foram processadas com êxito em um corpo sólido.
STEP- importação concluída.As superfícies foram processadas com êxito em um corpo sólido.
STEP- importação concluída.As superfícies foram processadas com êxito em um corpo sólido.
STEP- importação concluída.As superfícies foram processadas com êxito em um corpo sólido.
STEP- importação concluída.As superfícies foram processadas com êxito em um corpo sólido.
STEP- importação concluída.As superfícies foram processadas com êxito em um corpo sólido.
STEP- importação concluída.As superfícies foram processadas com êxito em um corpo sólido.
STEP- importação concluída.As superfícies foram processadas com êxito em um corpo sólido.
STEP- importação concluída.As superfícies foram processadas com êxito em um corpo sólido.
STEP- importação concluída.As superfícies foram processadas com êxito em um corpo sólido.
STEP- importação concluída.As superfícies foram processadas com êxito em um corpo sólido.
STEP- importação concluída.As superfícies foram processadas com êxito em um corpo sólido.
STEP- importação concluída.As superfícies foram processadas com êxito em um corpo sólido.
STEP- importação concluída.As superfícies foram processadas com êxito em um corpo sólido.
STEP- importação concluída.
Error: Não foi possível criar o sólido a partir das superfícies aparadas.
STEP-importação não foi concluída com êxito.
